17 Nov	15:27:08		com.ogalala.mua.AtomException: Action 'Transform' not found
	at java.lang.Throwable.<init>(Compiled Code)
	at java.lang.Exception.<init>(Compiled Code)
	at java.lang.RuntimeException.<init>(Compiled Code)
	at com.ogalala.mua.AtomException.<init>(AtomException.java:12)
	at com.ogalala.mua.AtomData.parse(Compiled Code)
	at com.ogalala.mua.Atom.parseField(Compiled Code)
	at com.ogalala.mua.action.ModSet.execute(Compiled Code)
	at com.ogalala.mua.Action.execute(Compiled Code)
	at com.ogalala.mua.World.callEvent(Compiled Code)
	at com.ogalala.mua.EventProcessor.callEvent(Compiled Code)
	at com.ogalala.mua.EventProcessor.processEvent(Compiled Code)
	at com.ogalala.mua.EventQueue.run(Compiled Code)
	
17 Nov	15:27:08		com.ogalala.mua.AtomException: Atom already exists: seat
	at java.lang.Throwable.<init>(Compiled Code)
	at java.lang.Exception.<init>(Compiled Code)
	at java.lang.RuntimeException.<init>(Compiled Code)
	at com.ogalala.mua.AtomException.<init>(AtomException.java:12)
	at com.ogalala.mua.action.ModNewBase.parseAtomIDArg(AtomCommands.java:79)
	at com.ogalala.mua.action.ModNewBase.getArgs(AtomCommands.java:27)
	at com.ogalala.mua.action.ModNewAtom.execute(Compiled Code)
	at com.ogalala.mua.Action.execute(Compiled Code)
	at com.ogalala.mua.World.callEvent(Compiled Code)
	at com.ogalala.mua.EventProcessor.callEvent(Compiled Code)
	at com.ogalala.mua.EventProcessor.processEvent(Compiled Code)
	at com.ogalala.mua.EventQueue.run(Compiled Code)
	
17 Nov	15:27:09		com.ogalala.mua.ParserException: Noun "box" is already defined
	at java.lang.Throwable.<init>(Compiled Code)
	at java.lang.Exception.<init>(Compiled Code)
	at java.lang.RuntimeException.<init>(Compiled Code)
	at com.ogalala.mua.ParserException.<init>(Compiled Code)
	at com.ogalala.mua.Vocabulary.addNoun(Compiled Code)
	at com.ogalala.mua.action.ModAddNoun.execute(VocabularyCommands.java:32)
	at com.ogalala.mua.Action.execute(Compiled Code)
	at com.ogalala.mua.World.callEvent(Compiled Code)
	at com.ogalala.mua.EventProcessor.callEvent(Compiled Code)
	at com.ogalala.mua.EventProcessor.processEvent(Compiled Code)
	at com.ogalala.mua.EventQueue.run(Compiled Code)
	
17 Nov	15:27:09		com.ogalala.mua.AtomException: Atom already exists: box
	at java.lang.Throwable.<init>(Compiled Code)
	at java.lang.Exception.<init>(Compiled Code)
	at java.lang.RuntimeException.<init>(Compiled Code)
	at com.ogalala.mua.AtomException.<init>(AtomException.java:12)
	at com.ogalala.mua.action.ModNewBase.parseAtomIDArg(Compiled Code)
	at com.ogalala.mua.action.ModNewBase.getArgs(Compiled Code)
	at com.ogalala.mua.action.ModNewAtom.execute(Compiled Code)
	at com.ogalala.mua.Action.execute(Compiled Code)
	at com.ogalala.mua.World.callEvent(Compiled Code)
	at com.ogalala.mua.EventProcessor.callEvent(Compiled Code)
	at com.ogalala.mua.EventProcessor.processEvent(Compiled Code)
	at com.ogalala.mua.EventQueue.run(Compiled Code)
	
17 Nov	15:27:09		com.ogalala.mua.AtomException: Atom not found: northHouse
	at java.lang.Throwable.<init>(Compiled Code)
	at java.lang.Exception.<init>(Compiled Code)
	at java.lang.RuntimeException.<init>(Compiled Code)
	at com.ogalala.mua.AtomException.<init>(AtomException.java:12)
	at com.ogalala.mua.action.ModGo.execute(ModeratorCommands.java:26)
	at com.ogalala.mua.Action.execute(Compiled Code)
	at com.ogalala.mua.World.callEvent(Compiled Code)
	at com.ogalala.mua.EventProcessor.callEvent(Compiled Code)
	at com.ogalala.mua.EventProcessor.processEvent(Compiled Code)
	at com.ogalala.mua.EventQueue.run(Compiled Code)
	
17 Nov	15:27:10		com.ogalala.mua.AtomException: Atom not found: northHouse
	at java.lang.Throwable.<init>(Compiled Code)
	at java.lang.Exception.<init>(Compiled Code)
	at java.lang.RuntimeException.<init>(Compiled Code)
	at com.ogalala.mua.AtomException.<init>(AtomException.java:12)
	at com.ogalala.mua.action.ModGo.execute(ModeratorCommands.java:26)
	at com.ogalala.mua.Action.execute(Compiled Code)
	at com.ogalala.mua.World.callEvent(Compiled Code)
	at com.ogalala.mua.EventProcessor.callEvent(Compiled Code)
	at com.ogalala.mua.EventProcessor.processEvent(Compiled Code)
	at com.ogalala.mua.EventQueue.run(Compiled Code)
	
17 Nov	15:27:10		com.ogalala.mua.AtomException: Atom not found: northHouse
	at java.lang.Throwable.<init>(Compiled Code)
	at java.lang.Exception.<init>(Compiled Code)
	at java.lang.RuntimeException.<init>(Compiled Code)
	at com.ogalala.mua.AtomException.<init>(AtomException.java:12)
	at com.ogalala.mua.action.ModMove.execute(AtomCommands.java:300)
	at com.ogalala.mua.Action.execute(Compiled Code)
	at com.ogalala.mua.World.callEvent(Compiled Code)
	at com.ogalala.mua.EventProcessor.callEvent(Compiled Code)
	at com.ogalala.mua.EventProcessor.processEvent(Compiled Code)
	at com.ogalala.mua.EventQueue.run(Compiled Code)
	
17 Nov	15:27:10		com.ogalala.mua.AtomException: Atom already exists: noun_case
	at java.lang.Throwable.<init>(Compiled Code)
	at java.lang.Exception.<init>(Compiled Code)
	at java.lang.RuntimeException.<init>(Compiled Code)
	at com.ogalala.mua.AtomException.<init>(AtomException.java:12)
	at com.ogalala.mua.action.ModNewBase.parseAtomIDArg(Compiled Code)
	at com.ogalala.mua.action.ModNewBase.getArgs(Compiled Code)
	at com.ogalala.mua.action.ModNewAtom.execute(Compiled Code)
	at com.ogalala.mua.Action.execute(Compiled Code)
	at com.ogalala.mua.World.callEvent(Compiled Code)
	at com.ogalala.mua.EventProcessor.callEvent(Compiled Code)
	at com.ogalala.mua.EventProcessor.processEvent(Compiled Code)
	at com.ogalala.mua.EventQueue.run(Compiled Code)
	
17 Nov	15:27:10		com.ogalala.mua.AtomException: Atom already exists: shelf
	at java.lang.Throwable.<init>(Compiled Code)
	at java.lang.Exception.<init>(Compiled Code)
	at java.lang.RuntimeException.<init>(Compiled Code)
	at com.ogalala.mua.AtomException.<init>(AtomException.java:12)
	at com.ogalala.mua.action.ModNewBase.parseAtomIDArg(Compiled Code)
	at com.ogalala.mua.action.ModNewBase.getArgs(Compiled Code)
	at com.ogalala.mua.action.ModNewAtom.execute(Compiled Code)
	at com.ogalala.mua.Action.execute(Compiled Code)
	at com.ogalala.mua.World.callEvent(Compiled Code)
	at com.ogalala.mua.EventProcessor.callEvent(Compiled Code)
	at com.ogalala.mua.EventProcessor.processEvent(Compiled Code)
	at com.ogalala.mua.EventQueue.run(Compiled Code)
	
17 Nov	15:27:10		com.ogalala.mua.AtomException: Atom already exists: pencil
	at java.lang.Throwable.<init>(Compiled Code)
	at java.lang.Exception.<init>(Compiled Code)
	at java.lang.RuntimeException.<init>(Compiled Code)
	at com.ogalala.mua.AtomException.<init>(AtomException.java:12)
	at com.ogalala.mua.action.ModNewBase.parseAtomIDArg(Compiled Code)
	at com.ogalala.mua.action.ModNewBase.getArgs(Compiled Code)
	at com.ogalala.mua.action.ModNewAtom.execute(Compiled Code)
	at com.ogalala.mua.Action.execute(Compiled Code)
	at com.ogalala.mua.World.callEvent(Compiled Code)
	at com.ogalala.mua.EventProcessor.callEvent(Compiled Code)
	at com.ogalala.mua.EventProcessor.processEvent(Compiled Code)
	at com.ogalala.mua.EventQueue.run(Compiled Code)
	
25 Nov	15:56:46		com.ogalala.mua.AtomException: Action 'Smell' not found
	at java.lang.Throwable.<init>(Compiled Code)
	at java.lang.Exception.<init>(Compiled Code)
	at java.lang.RuntimeException.<init>(Compiled Code)
	at com.ogalala.mua.AtomException.<init>(AtomException.java:12)
	at com.ogalala.mua.AtomData.parse(Compiled Code)
	at com.ogalala.mua.Atom.parseField(Compiled Code)
	at com.ogalala.mua.action.ModSet.execute(Compiled Code)
	at com.ogalala.mua.Action.execute(Compiled Code)
	at com.ogalala.mua.World.callEvent(Compiled Code)
	at com.ogalala.mua.EventProcessor.callEvent(Compiled Code)
	at com.ogalala.mua.EventProcessor.processEvent(Compiled Code)
	at com.ogalala.mua.EventQueue.run(Compiled Code)
	
25 Nov	15:56:47		com.ogalala.mua.AtomException: Action 'Smell' not found
	at java.lang.Throwable.<init>(Compiled Code)
	at java.lang.Exception.<init>(Compiled Code)
	at java.lang.RuntimeException.<init>(Compiled Code)
	at com.ogalala.mua.AtomException.<init>(AtomException.java:12)
	at com.ogalala.mua.AtomData.parse(Compiled Code)
	at com.ogalala.mua.Atom.parseField(Compiled Code)
	at com.ogalala.mua.action.ModSet.execute(Compiled Code)
	at com.ogalala.mua.Action.execute(Compiled Code)
	at com.ogalala.mua.World.callEvent(Compiled Code)
	at com.ogalala.mua.EventProcessor.callEvent(Compiled Code)
	at com.ogalala.mua.EventProcessor.processEvent(Compiled Code)
	at com.ogalala.mua.EventQueue.run(Compiled Code)
	
25 Nov	15:56:47		com.ogalala.mua.AtomException: Action 'Taste' not found
	at java.lang.Throwable.<init>(Compiled Code)
	at java.lang.Exception.<init>(Compiled Code)
	at java.lang.RuntimeException.<init>(Compiled Code)
	at com.ogalala.mua.AtomException.<init>(AtomException.java:12)
	at com.ogalala.mua.AtomData.parse(Compiled Code)
	at com.ogalala.mua.Atom.parseField(Compiled Code)
	at com.ogalala.mua.action.ModSet.execute(Compiled Code)
	at com.ogalala.mua.Action.execute(Compiled Code)
	at com.ogalala.mua.World.callEvent(Compiled Code)
	at com.ogalala.mua.EventProcessor.callEvent(Compiled Code)
	at com.ogalala.mua.EventProcessor.processEvent(Compiled Code)
	at com.ogalala.mua.EventQueue.run(Compiled Code)
	
25 Nov	15:56:47		com.ogalala.mua.AtomException: Action 'Taste' not found
	at java.lang.Throwable.<init>(Compiled Code)
	at java.lang.Exception.<init>(Compiled Code)
	at java.lang.RuntimeException.<init>(Compiled Code)
	at com.ogalala.mua.AtomException.<init>(AtomException.java:12)
	at com.ogalala.mua.AtomData.parse(Compiled Code)
	at com.ogalala.mua.Atom.parseField(Compiled Code)
	at com.ogalala.mua.action.ModSet.execute(Compiled Code)
	at com.ogalala.mua.Action.execute(Compiled Code)
	at com.ogalala.mua.World.callEvent(Compiled Code)
	at com.ogalala.mua.EventProcessor.callEvent(Compiled Code)
	at com.ogalala.mua.EventProcessor.processEvent(Compiled Code)
	at com.ogalala.mua.EventQueue.run(Compiled Code)
	
25 Nov	15:56:47		com.ogalala.mua.AtomException: Action 'Feel' not found
	at java.lang.Throwable.<init>(Compiled Code)
	at java.lang.Exception.<init>(Compiled Code)
	at java.lang.RuntimeException.<init>(Compiled Code)
	at com.ogalala.mua.AtomException.<init>(AtomException.java:12)
	at com.ogalala.mua.AtomData.parse(Compiled Code)
	at com.ogalala.mua.Atom.parseField(Compiled Code)
	at com.ogalala.mua.action.ModSet.execute(Compiled Code)
	at com.ogalala.mua.Action.execute(Compiled Code)
	at com.ogalala.mua.World.callEvent(Compiled Code)
	at com.ogalala.mua.EventProcessor.callEvent(Compiled Code)
	at com.ogalala.mua.EventProcessor.processEvent(Compiled Code)
	at com.ogalala.mua.EventQueue.run(Compiled Code)
	
25 Nov	15:56:47		com.ogalala.mua.AtomException: Action 'Feel' not found
	at java.lang.Throwable.<init>(Compiled Code)
	at java.lang.Exception.<init>(Compiled Code)
	at java.lang.RuntimeException.<init>(Compiled Code)
	at com.ogalala.mua.AtomException.<init>(AtomException.java:12)
	at com.ogalala.mua.AtomData.parse(Compiled Code)
	at com.ogalala.mua.Atom.parseField(Compiled Code)
	at com.ogalala.mua.action.ModSet.execute(Compiled Code)
	at com.ogalala.mua.Action.execute(Compiled Code)
	at com.ogalala.mua.World.callEvent(Compiled Code)
	at com.ogalala.mua.EventProcessor.callEvent(Compiled Code)
	at com.ogalala.mua.EventProcessor.processEvent(Compiled Code)
	at com.ogalala.mua.EventQueue.run(Compiled Code)
	
25 Nov	15:56:47		com.ogalala.mua.AtomException: Action 'Feel' not found
	at java.lang.Throwable.<init>(Compiled Code)
	at java.lang.Exception.<init>(Compiled Code)
	at java.lang.RuntimeException.<init>(Compiled Code)
	at com.ogalala.mua.AtomException.<init>(AtomException.java:12)
	at com.ogalala.mua.AtomData.parse(Compiled Code)
	at com.ogalala.mua.Atom.parseField(Compiled Code)
	at com.ogalala.mua.action.ModSet.execute(Compiled Code)
	at com.ogalala.mua.Action.execute(Compiled Code)
	at com.ogalala.mua.World.callEvent(Compiled Code)
	at com.ogalala.mua.EventProcessor.callEvent(Compiled Code)
	at com.ogalala.mua.EventProcessor.processEvent(Compiled Code)
	at com.ogalala.mua.EventQueue.run(Compiled Code)
	
25 Nov	15:56:48		com.ogalala.mua.AtomException: Action 'Transform' not found
	at java.lang.Throwable.<init>(Compiled Code)
	at java.lang.Exception.<init>(Compiled Code)
	at java.lang.RuntimeException.<init>(Compiled Code)
	at com.ogalala.mua.AtomException.<init>(AtomException.java:12)
	at com.ogalala.mua.AtomData.parse(Compiled Code)
	at com.ogalala.mua.Atom.parseField(Compiled Code)
	at com.ogalala.mua.action.ModSet.execute(Compiled Code)
	at com.ogalala.mua.Action.execute(Compiled Code)
	at com.ogalala.mua.World.callEvent(Compiled Code)
	at com.ogalala.mua.EventProcessor.callEvent(Compiled Code)
	at com.ogalala.mua.EventProcessor.processEvent(Compiled Code)
	at com.ogalala.mua.EventQueue.run(Compiled Code)
	
25 Nov	15:56:48		com.ogalala.mua.AtomException: Atom not found: writable
	at java.lang.Throwable.<init>(Compiled Code)
	at java.lang.Exception.<init>(Compiled Code)
	at java.lang.RuntimeException.<init>(Compiled Code)
	at com.ogalala.mua.AtomException.<init>(AtomException.java:12)
	at com.ogalala.mua.action.ModNewBase.parseParentArgs(Compiled Code)
	at com.ogalala.mua.action.ModNewBase.getArgs(AtomCommands.java:26)
	at com.ogalala.mua.action.ModNewAtom.execute(Compiled Code)
	at com.ogalala.mua.Action.execute(Compiled Code)
	at com.ogalala.mua.World.callEvent(Compiled Code)
	at com.ogalala.mua.EventProcessor.callEvent(Compiled Code)
	at com.ogalala.mua.EventProcessor.processEvent(Compiled Code)
	at com.ogalala.mua.EventQueue.run(Compiled Code)
	
25 Nov	15:56:48		com.ogalala.mua.AtomException: LValue: Atom not found: addressable
	at java.lang.Throwable.<init>(Compiled Code)
	at java.lang.Exception.<init>(Compiled Code)
	at java.lang.RuntimeException.<init>(Compiled Code)
	at com.ogalala.mua.AtomException.<init>(AtomException.java:12)
	at com.ogalala.mua.LValue.parse(Compiled Code)
	at com.ogalala.mua.action.ModSet.parseArgs(Compiled Code)
	at com.ogalala.mua.action.ModSet.execute(Compiled Code)
	at com.ogalala.mua.Action.execute(Compiled Code)
	at com.ogalala.mua.World.callEvent(Compiled Code)
	at com.ogalala.mua.EventProcessor.callEvent(Compiled Code)
	at com.ogalala.mua.EventProcessor.processEvent(Compiled Code)
	at com.ogalala.mua.EventQueue.run(Compiled Code)
	
25 Nov	15:56:49		com.ogalala.mua.AtomException: Atom not found: containerin
	at java.lang.Throwable.<init>(Compiled Code)
	at java.lang.Exception.<init>(Compiled Code)
	at java.lang.RuntimeException.<init>(Compiled Code)
	at com.ogalala.mua.AtomException.<init>(AtomException.java:12)
	at com.ogalala.mua.action.ModNewBase.parseParentArgs(Compiled Code)
	at com.ogalala.mua.action.ModNewBase.getArgs(Compiled Code)
	at com.ogalala.mua.action.ModNewAtom.execute(Compiled Code)
	at com.ogalala.mua.Action.execute(Compiled Code)
	at com.ogalala.mua.World.callEvent(Compiled Code)
	at com.ogalala.mua.EventProcessor.callEvent(Compiled Code)
	at com.ogalala.mua.EventProcessor.processEvent(Compiled Code)
	at com.ogalala.mua.EventQueue.run(Compiled Code)
	
25 Nov	15:56:49		com.ogalala.mua.AtomException: LValue: Atom not found: mailbox
	at java.lang.Throwable.<init>(Compiled Code)
	at java.lang.Exception.<init>(Compiled Code)
	at java.lang.RuntimeException.<init>(Compiled Code)
	at com.ogalala.mua.AtomException.<init>(AtomException.java:12)
	at com.ogalala.mua.LValue.parse(Compiled Code)
	at com.ogalala.mua.action.ModSet.parseArgs(Compiled Code)
	at com.ogalala.mua.action.ModSet.execute(Compiled Code)
	at com.ogalala.mua.Action.execute(Compiled Code)
	at com.ogalala.mua.World.callEvent(Compiled Code)
	at com.ogalala.mua.EventProcessor.callEvent(Compiled Code)
	at com.ogalala.mua.EventProcessor.processEvent(Compiled Code)
	at com.ogalala.mua.EventQueue.run(Compiled Code)
	
25 Nov	15:56:49		com.ogalala.mua.AtomException: LValue: Atom not found: mailbox
	at java.lang.Throwable.<init>(Compiled Code)
	at java.lang.Exception.<init>(Compiled Code)
	at java.lang.RuntimeException.<init>(Compiled Code)
	at com.ogalala.mua.AtomException.<init>(AtomException.java:12)
	at com.ogalala.mua.LValue.parse(Compiled Code)
	at com.ogalala.mua.action.ModSet.parseArgs(Compiled Code)
	at com.ogalala.mua.action.ModSet.execute(Compiled Code)
	at com.ogalala.mua.Action.execute(Compiled Code)
	at com.ogalala.mua.World.callEvent(Compiled Code)
	at com.ogalala.mua.EventProcessor.callEvent(Compiled Code)
	at com.ogalala.mua.EventProcessor.processEvent(Compiled Code)
	at com.ogalala.mua.EventQueue.run(Compiled Code)
	
25 Nov	15:56:49		com.ogalala.mua.AtomException: LValue: Atom not found: mailbox
	at java.lang.Throwable.<init>(Compiled Code)
	at java.lang.Exception.<init>(Compiled Code)
	at java.lang.RuntimeException.<init>(Compiled Code)
	at com.ogalala.mua.AtomException.<init>(AtomException.java:12)
	at com.ogalala.mua.LValue.parse(Compiled Code)
	at com.ogalala.mua.action.ModSet.parseArgs(Compiled Code)
	at com.ogalala.mua.action.ModSet.execute(Compiled Code)
	at com.ogalala.mua.Action.execute(Compiled Code)
	at com.ogalala.mua.World.callEvent(Compiled Code)
	at com.ogalala.mua.EventProcessor.callEvent(Compiled Code)
	at com.ogalala.mua.EventProcessor.processEvent(Compiled Code)
	at com.ogalala.mua.EventQueue.run(Compiled Code)
	
25 Nov	15:56:49		com.ogalala.mua.AtomException: Atom not found: mailbox
	at java.lang.Throwable.<init>(Compiled Code)
	at java.lang.Exception.<init>(Compiled Code)
	at java.lang.RuntimeException.<init>(Compiled Code)
	at com.ogalala.mua.AtomException.<init>(AtomException.java:12)
	at com.ogalala.mua.action.ModAddNoun.execute(VocabularyCommands.java:29)
	at com.ogalala.mua.Action.execute(Compiled Code)
	at com.ogalala.mua.World.callEvent(Compiled Code)
	at com.ogalala.mua.EventProcessor.callEvent(Compiled Code)
	at com.ogalala.mua.EventProcessor.processEvent(Compiled Code)
	at com.ogalala.mua.EventQueue.run(Compiled Code)
	
25 Nov	15:56:50		com.ogalala.mua.AtomException: Atom not found: mailbox
	at java.lang.Throwable.<init>(Compiled Code)
	at java.lang.Exception.<init>(Compiled Code)
	at java.lang.RuntimeException.<init>(Compiled Code)
	at com.ogalala.mua.AtomException.<init>(AtomException.java:12)
	at com.ogalala.mua.action.ModNewBase.parseParentArgs(Compiled Code)
	at com.ogalala.mua.action.ModNewBase.getArgs(Compiled Code)
	at com.ogalala.mua.action.ModNewThing.execute(Compiled Code)
	at com.ogalala.mua.Action.execute(Compiled Code)
	at com.ogalala.mua.World.callEvent(Compiled Code)
	at com.ogalala.mua.EventProcessor.callEvent(Compiled Code)
	at com.ogalala.mua.EventProcessor.processEvent(Compiled Code)
	at com.ogalala.mua.EventQueue.run(Compiled Code)
	
25 Nov	15:56:50		com.ogalala.mua.AtomException: Atom not found: mailbox1
	at java.lang.Throwable.<init>(Compiled Code)
	at java.lang.Exception.<init>(Compiled Code)
	at java.lang.RuntimeException.<init>(Compiled Code)
	at com.ogalala.mua.AtomException.<init>(AtomException.java:12)
	at com.ogalala.mua.action.ModDig.parseArgs(ExitCommands.java:71)
	at com.ogalala.mua.action.ModDig.execute(ExitCommands.java:48)
	at com.ogalala.mua.Action.execute(Compiled Code)
	at com.ogalala.mua.World.callEvent(Compiled Code)
	at com.ogalala.mua.EventProcessor.callEvent(Compiled Code)
	at com.ogalala.mua.EventProcessor.processEvent(Compiled Code)
	at com.ogalala.mua.EventQueue.run(Compiled Code)
	
25 Nov	15:58:17		com.ogalala.mua.AtomException: Atom property not found: blacksun_pass.writeable
	at com.ogalala.mua.action.ModExam.execute(Compiled Code)
	at com.ogalala.mua.Action.execute(Action.java:45)
	at com.ogalala.mua.World.callEvent(Compiled Code)
	at com.ogalala.mua.EventProcessor.callEvent(Compiled Code)
	at com.ogalala.mua.EventProcessor.processEvent(EventProcessor.java:45)
	at com.ogalala.mua.EventQueue.run(Compiled Code)
	
30 Nov	13:34:33		 [parser] (Administrator) com.ogalala.mua.ParserPipelineException: Can't understand sentence: get akk	
